<?xml version="1.0" encoding="UTF-8"?>
<!-- Generated by org.testng.reporters.JUnitReportReporter -->
<testsuite hostname="QDEV05DANUZ001" name="test.Test03a" tests="1" failures="0" timestamp="8 Apr 2016 18:35:28 GMT" time="11.568" errors="0">
  <testcase name="SelectRoomInTabletPage" time="11.568" classname="test.Test03a"/>
</testsuite> <!-- test.Test03a -->
